INFO:server:✅ LEADS scheduler loaded but disabled (development mode)
INFO:server:CORS allowed origins: ['http://localhost:3000', 'http://localhost:3001', 'http://localhost:3002', 'http://localhost:3003', 'http://127.0.0.1:3000', 'http://127.0.0.1:3001', 'http://127.0.0.1:3002', 'http://127.0.0.1:3003', 'http://localhost:3000', 'https://www.getyourshare.com', 'https://getyourshare.vercel.app', 'https://www.getyourshare.vercel.app', 'http://localhost:8000', 'http://127.0.0.1:8000']
INFO:server:CORS configured for local development
C:\Users\samye\OneDrive\Desktop\getyourshare version 6\getyourshare-versio2\.venv\Lib\site-packages\pydantic\_internal\_config.py:383: UserWarning: Valid config keys have changed in V2:
* 'allow_population_by_field_name' has been renamed to 'validate_by_name'
  warnings.warn(message, UserWarning)
WARNING:GetYourShare:Firebase credentials not found at firebase-key.json
WARNING:services.instagram_live_service:⚠️ Instagram Live Service en mode DEMO (pas de credentials)
WARNING:services.tiktok_live_service:⚠️ TikTok Live Service en mode DEMO (pas de credentials)
WARNING:services.youtube_live_service:⚠️ YouTube Live Service en mode DEMO (pas de credentials)
WARNING:services.facebook_live_service:⚠️ Facebook Live Service en mode DEMO (pas de credentials)
WARNING:services.whatsapp_business_service:⚠️ WhatsApp Business Service en mode DEMO (pas de token configuré)
WARNING:services.tiktok_shop_service:⚠️ TikTok Shop Service en mode DEMO (pas de clés configurées)
WARNING:root:google-cloud-vision not installed. Run: pip install google-cloud-vision
WARNING:root:pytesseract not installed. Run: pip install pytesseract pillow
WARNING:GetYourShare:DATABASE_URL not configured. Media DB queries will not work.
INFO:server:✅ Influencer Invoices router loaded
INFO:server:✅ Commercial Invoices router loaded
INFO:server:✅ Balance Report router loaded
INFO:server:✅ Test Helpers router loaded
INFO:server:✅ routes/admin_dashboard_routes loaded
INFO:server:✅ routes/advanced_analytics_routes loaded
INFO:server:✅ routes/analytics_routes loaded
INFO:server:✅ routes/campaigns_routes loaded
INFO:server:✅ routes/commissions_routes loaded
INFO:server:✅ routes/content_studio_routes loaded
INFO:server:✅ routes/customer_service_routes loaded
INFO:server:✅ routes/dashboard_routes loaded
INFO:server:✅ routes/ecommerce_routes loaded
INFO:server:✅ routes/gamification_routes loaded
INFO:server:✅ routes/gdpr_routes loaded
INFO:server:✅ routes/invoice_routes loaded
INFO:server:✅ routes/kyc_routes loaded
INFO:server:✅ routes/live_chat_routes loaded
INFO:server:✅ routes/missing_endpoints loaded
INFO:server:✅ routes/mobile_routes loaded
INFO:server:✅ routes/payment_gateways_routes loaded
INFO:server:✅ routes/payment_routes loaded
INFO:server:✅ routes/products_routes loaded
INFO:server:✅ routes/public_routes loaded
INFO:server:✅ routes/reports_routes loaded
INFO:server:✅ routes/social_media_routes loaded
INFO:server:✅ routes/team_routes loaded
INFO:server:✅ routes/utility_routes loaded
INFO:server:✅ routes/webhooks_routes loaded
INFO:GetYourShare:✅ Endpoints d'upload intégrés
INFO:GetYourShare:✅ Endpoints de recherche d'influenceurs intégrés
INFO:GetYourShare:✅ Tous les endpoints avancés ont été intégrés
INFO:server:✅ Endpoints avancés chargés avec succès
INFO:server:✅ Système d'abonnement SaaS chargé avec succès
INFO:server:   📦 Plans d'abonnement disponibles
INFO:server:   💳 Paiements récurrents activés
INFO:server:   📄 Facturation automatique configurée
INFO:GetYourShare:✅ Endpoints LEADS système intégrés
INFO:     Started server process [35692]
INFO:     Waiting for application startup.
INFO:server:🚀 Démarrage du serveur...
INFO:server:📊 Base de données: Supabase PostgreSQL
INFO:server:🔌 WebSocket listener disabled temporarily
ERROR:server:⏰ Scheduler non disponible (import failed or disabled)
INFO:server:✅ Serveur prêt
INFO:     Application startup complete.
INFO:     Uvicorn running on http://0.0.0.0:8003 (Press CTRL+C to quit)
